FILE: /system/app/AppleNLPBackend/AppleNLPBackend.apk, URL: https://f-droid.org/repo/org.microg.nlp.backend.apple_20043.apk, CKSUM: 1508188615;
FILE: /system/app/AuroraDroid/AuroraDroid.apk, URL: https://gitlab.com/AuroraOSS/auroradroid/uploads/d925b3b4c054df7535b93895c199159f/AuroraDroid_1.0.8.apk, CKSUM: 609010262;
FILE: /system/app/AuroraStore/AuroraStore.apk, URL: https://gitlab.com/AuroraOSS/AuroraStore/uploads/bbc1bd5a77ab2b40bbf288ccbef8d1f0/AuroraStore_4.1.1.apk, CKSUM: 1329646022;
FILE: /system/app/DejaVuNLPBackend/DejaVuNLPBackend.apk, URL: https://f-droid.org/repo/org.fitchfamily.android.dejavu_21.apk, CKSUM: 2464867168;
FILE: /system/app/LocalGSMNLPBackend/LocalGSMNLPBackend.apk, URL: https://f-droid.org/repo/org.fitchfamily.android.gsmlocation_73.apk, CKSUM: 1430969850;
FILE: /system/app/LocalWiFiNLPBackend/LocalWiFiNLPBackend.apk, URL: https://f-droid.org/repo/org.fitchfamily.android.wifi_backend_42.apk, CKSUM: 3116144423;
FILE: /system/app/MicroGGSFProxy/MicroGGSFProxy.apk, URL: https://microg.org/fdroid/repo/com.google.android.gsf-8.apk, CKSUM: 1384731333;
FILE: /system/app/MozillaUnifiedNLPBackend/MozillaUnifiedNLPBackend.apk, URL: https://f-droid.org/repo/org.microg.nlp.backend.ichnaea_20033.apk, CKSUM: 871317214;
FILE: /system/app/NominatimNLPBackend/NominatimNLPBackend.apk, URL: https://f-droid.org/repo/org.microg.nlp.backend.nominatim_20042.apk, CKSUM: 408136773;
FILE: /system/framework/com.google.android.maps.zip, URL: https://github.com/microg/android_frameworks_mapsv1/releases/download/v0.1.0/mapsv1.flashable.zip, CKSUM: 3887657669;
FILE: /system/priv-app/AuroraServices/AuroraServices.apk, URL: https://gitlab.com/AuroraOSS/AuroraServices/uploads/c22e95975571e9db143567690777a56e/AuroraServices_v1.1.1.apk, CKSUM: 2567004301;
FILE: /system/priv-app/FakeStore/FakeStore.apk, URL: https://microg.org/fdroid/repo/com.android.vending-22.apk, CKSUM: 3514291307;
FILE: /system/priv-app/MicroGGMSCore/MicroGGMSCore.apk, URL: https://microg.org/fdroid/repo/com.google.android.gms-214816048.apk, CKSUM: 765898863;
FILE: /system/priv-app/MicroGUNLP/MicroGUNLP.apk, URL: https://f-droid.org/repo/com.google.android.gms_20187.apk, CKSUM: 2609619418;
FILE: /system/app/GoogleCalendarSyncAdapter/-19-21-22-23-24-25-26-27-/GoogleCalendarSyncAdapter.apk, URL: https://gitlab.opengapps.org/opengapps/all/raw/master/app/com.google.android.syncadapters.calendar/21/nodpi/2016267990.apk, CKSUM: 3272768092;
FILE: /system/app/GoogleCalendarSyncAdapter/-28-29-30-/GoogleCalendarSyncAdapter.apk, URL: https://gitlab.opengapps.org/opengapps/all/raw/master/app/com.google.android.syncadapters.calendar/21/nodpi/2016267990.apk, CKSUM: 3272768092;
FILE: /system/app/GoogleContactsSyncAdapter/-19-/GoogleContactsSyncAdapter.apk, URL: https://gitlab.opengapps.org/opengapps/all/raw/master/app/com.google.android.syncadapters.contacts/19/nodpi/19.apk, CKSUM: 400111481;
FILE: /system/app/GoogleContactsSyncAdapter/-21-22-/GoogleContactsSyncAdapter.apk, URL: https://gitlab.opengapps.org/opengapps/all/raw/master/app/com.google.android.syncadapters.contacts/21/nodpi/21.apk, CKSUM: 2346882478;
FILE: /system/app/GoogleContactsSyncAdapter/-23-/GoogleContactsSyncAdapter.apk, URL: https://gitlab.opengapps.org/opengapps/all/raw/master/app/com.google.android.syncadapters.contacts/23/nodpi/23.apk, CKSUM: 1137583980;
FILE: /system/app/GoogleContactsSyncAdapter/-24-25-/GoogleContactsSyncAdapter.apk, URL: https://gitlab.opengapps.org/opengapps/all/raw/master/app/com.google.android.syncadapters.contacts/24/nodpi/24.apk, CKSUM: 1662622853;
FILE: /system/app/GoogleContactsSyncAdapter/-26-27-/GoogleContactsSyncAdapter.apk, URL: https://gitlab.opengapps.org/opengapps/all/raw/master/app/com.google.android.syncadapters.contacts/26/nodpi/26.apk, CKSUM: 1712933831;
FILE: /system/app/GoogleContactsSyncAdapter/-28-/GoogleContactsSyncAdapter.apk, URL: https://gitlab.opengapps.org/opengapps/all/raw/master/app/com.google.android.syncadapters.contacts/28/nodpi/28.apk, CKSUM: 1962877913;
FILE: /system/app/GoogleContactsSyncAdapter/-29-/GoogleContactsSyncAdapter.apk, URL: https://gitlab.opengapps.org/opengapps/all/raw/master/app/com.google.android.syncadapters.contacts/29/nodpi/29.apk, CKSUM: 1759568711;
FILE: /system/app/GoogleContactsSyncAdapter/-30-/GoogleContactsSyncAdapter.apk, URL: https://gitlab.opengapps.org/opengapps/all/raw/master/app/com.google.android.syncadapters.contacts/30/nodpi/30.apk, CKSUM: 1928626245;
FILE: /system/framework/com.google.android.media.effects.jar, URL: https://gitlab.opengapps.org/opengapps/all/raw/master/framework/19/com.google.android.media.effects.jar, CKSUM: 833473592;
FILE: /system/framework/com.google.widevine.software.drm.jar, URL: https://gitlab.opengapps.org/opengapps/all/raw/master/framework/19/com.google.widevine.software.drm.jar, CKSUM: 2931605001;
FILE: /system/lib/-arm--19-21-22-23-24-25-26-27-28-29-30-/libjni_keyboarddecoder.so, URL: https://gitlab.opengapps.org/opengapps/arm/raw/master/lib/23/libjni_keyboarddecoder.so, CKSUM: 3876492477;
FILE: /system/lib/-x86--19-21-22-23-24-25-26-27-28-29-30-/libjni_keyboarddecoder.so, URL: https://gitlab.opengapps.org/opengapps/x86/raw/master/lib/23/libjni_keyboarddecoder.so, CKSUM: 3483010379;
FILE: /system/lib/-arm--19-/libjni_latinimegoogle.so, URL: https://gitlab.opengapps.org/opengapps/arm/raw/master/lib/19/libjni_latinimegoogle.so, CKSUM: 3829529185;
FILE: /system/lib/-arm--21-/libjni_latinimegoogle.so, URL: https://gitlab.opengapps.org/opengapps/arm/raw/master/lib/21/libjni_latinimegoogle.so, CKSUM: 3823378008;
FILE: /system/lib/-arm--22-/libjni_latinimegoogle.so, URL: https://gitlab.opengapps.org/opengapps/arm/raw/master/lib/22/libjni_latinimegoogle.so, CKSUM: 3152153737;
FILE: /system/lib/-arm--23-24-25-26-/libjni_latinimegoogle.so, URL: https://gitlab.opengapps.org/opengapps/arm/raw/master/lib/23/libjni_latinimegoogle.so, CKSUM: 2428333144;
FILE: /system/lib/-arm--27-/libjni_latinimegoogle.so, URL: https://gitlab.opengapps.org/opengapps/arm/raw/master/lib/27/libjni_latinimegoogle.so, CKSUM: 2428333144;
FILE: /system/lib/-arm--28-29-30-/libjni_latinimegoogle.so, URL: https://gitlab.opengapps.org/opengapps/arm/raw/master/lib/28/libjni_latinimegoogle.so, CKSUM: 2428333144;
FILE: /system/lib/-x86--19-21-22-23-24-25-26-27-28-29-30-/libjni_latinimegoogle.so, URL: https://gitlab.opengapps.org/opengapps/x86/raw/master/lib/23/libjni_latinimegoogle.so, CKSUM: 3705523096;
FILE: /system/lib64/-arm64--19-21-22-23-24-25-26-27-28-29-30-/libjni_keyboarddecoder.so, URL: https://gitlab.opengapps.org/opengapps/arm64/raw/master/lib64/23/libjni_keyboarddecoder.so, CKSUM: 3150004871;
FILE: /system/lib64/-x86_64--19-21-22-23-24-25-26-27-28-29-30-/libjni_keyboarddecoder.so, URL: https://gitlab.opengapps.org/opengapps/x86_64/raw/master/lib64/23/libjni_keyboarddecoder.so, CKSUM: 891208321;
FILE: /system/lib64/-arm64--19-21-/libjni_latinimegoogle.so, URL: https://gitlab.opengapps.org/opengapps/arm64/raw/master/lib64/21/libjni_latinimegoogle.so, CKSUM: 630819885;
FILE: /system/lib64/-arm64--22-/libjni_latinimegoogle.so, URL: https://gitlab.opengapps.org/opengapps/arm64/raw/master/lib64/22/libjni_latinimegoogle.so, CKSUM: 1808763720;
FILE: /system/lib64/-arm64--23-24-25-26-/libjni_latinimegoogle.so, URL: https://gitlab.opengapps.org/opengapps/arm64/raw/master/lib64/23/libjni_latinimegoogle.so, CKSUM: 2424911861;
FILE: /system/lib64/-arm64--27-/libjni_latinimegoogle.so, URL: https://gitlab.opengapps.org/opengapps/arm64/raw/master/lib64/27/libjni_latinimegoogle.so, CKSUM: 2424911861;
FILE: /system/lib64/-arm64--28-29-30-/libjni_latinimegoogle.so, URL: https://gitlab.opengapps.org/opengapps/arm64/raw/master/lib64/28/libjni_latinimegoogle.so, CKSUM: 2424911861;
FILE: /system/lib64/-x86_64--19-21-22-23-24-25-26-27-28-29-30-/libjni_latinimegoogle.so, URL: https://gitlab.opengapps.org/opengapps/x86_64/raw/master/lib64/23/libjni_latinimegoogle.so, CKSUM: 1435068389;
FILE: /system/priv-app/GoogleBackupTransport/-19-/GoogleBackupTransport.apk, URL: https://gitlab.opengapps.org/opengapps/all/raw/master/priv-app/com.google.android.backuptransport/19/nodpi/19.apk, CKSUM: 1251871066;
FILE: /system/priv-app/GoogleBackupTransport/-21-22-/GoogleBackupTransport.apk, URL: https://gitlab.opengapps.org/opengapps/all/raw/master/priv-app/com.google.android.backuptransport/21/nodpi/21.apk, CKSUM: 3459862798;
FILE: /system/priv-app/GoogleBackupTransport/-23-/GoogleBackupTransport.apk, URL: https://gitlab.opengapps.org/opengapps/all/raw/master/priv-app/com.google.android.backuptransport/23/nodpi/23.apk, CKSUM: 1819600257;
FILE: /system/priv-app/GoogleBackupTransport/-24-25-/GoogleBackupTransport.apk, URL: https://gitlab.opengapps.org/opengapps/all/raw/master/priv-app/com.google.android.backuptransport/24/nodpi/24.apk, CKSUM: 3501303813;
FILE: /system/priv-app/GoogleBackupTransport/-26-27-/GoogleBackupTransport.apk, URL: https://gitlab.opengapps.org/opengapps/all/raw/master/priv-app/com.google.android.backuptransport/26/nodpi/26.apk, CKSUM: 2378110717;
FILE: /system/priv-app/GoogleBackupTransport/-28-29-30-/GoogleBackupTransport.apk, URL: https://gitlab.opengapps.org/opengapps/all/raw/master/priv-app/com.google.android.backuptransport/28/nodpi/28.apk, CKSUM: 3143540500;
FILE: /system/priv-app/PatchPhonesky/PatchPhonesky.apk, URL: https://www.nanolx.org/fdroid/repo/Phonesky_132.apk, CKSUM: 1040327208;
